<span class="shj_b">Compile Error<br>Error Messages: (line numbers are not correct)</span>
<span class="shj_r">

92:1: error: unknown type name ‘ur’
92:9: error: expected ‘=’, ‘,’, ‘;’, ‘asm’ or ‘__attribute__’ before ‘here’
</span>
