cd /var/www/codecracker/tester;
./tester.sh /var/www/codecracker/assignments/assignment_6/p3 'rdx' 'submission_10' 'submission_10' cpp 2 3 50000 1048576 diff -bB 1 1 0 0 0
Starting tester...
Thu Jan 30 16:03:34 IST 2014
Language: cpp
Time Limit: 2 s
Memory Limit: 50000 kB
Output size limit: 1048576 bytes
EasySandbox: true
C/C++ Shield: false
Compiling as cpp
Enabling EasySandbox
Compiled. Exit Code=1
Compile Error
code.cpp: In function ‘int main()’:
code.cpp:19:36: error: expected ‘;’ before numeric constant
code.cpp:28:36: error: expected ‘;’ before numeric constant
