<span class="shj_b">Compile Error<br>Error Messages: (line numbers are not correct)</span>
<span class="shj_r">

In function ‘void kvad(long long int)’:
103:14: error: ‘n00000’ was not declared in this scope
In function ‘int main()’:
152:9: error: ‘set’ was not declared in this scope
152:15: error: ‘pair’ was not declared in this scope
152:20: error: expected primary-expression before ‘long’
152:20: error: expected ‘;’ before ‘long’
218:33: error: ‘parovi’ was not declared in this scope
218:60: error: ‘make_pair’ was not declared in this scope
</span>
